<?xml version="1.0" encoding="UTF-8"?>
<!-- Generated by org.testng.reporters.JUnitReportReporter -->
<testsuite skipped="0" hostname="Admin-PC" name="com.keyword.Purcheitem" tests="1" failures="0" timestamp="23 Mar 2020 17:33:05 GMT" time="4.000" errors="0">
  <testcase name="Tc_05" time="4.000" classname="com.keyword.Purcheitem"/>
</testsuite> <!-- com.keyword.Purcheitem -->
